<?xml version="1.0" encoding="UTF-8"?>
<!-- Generated by org.testng.reporters.JUnitReportReporter -->
<testsuite hostname="DESKTOP-QTCI61E" failures="0" tests="1" name="Basic_TestNg.Working_with_Parameter" time="9.437" errors="0" timestamp="2025-03-19T10:12:25 IST" skipped="0">
  <testcase classname="Basic_TestNg.Working_with_Parameter" name="parameter" time="9.437"/>
</testsuite> <!-- Basic_TestNg.Working_with_Parameter -->
