<?xml version="1.0" encoding="UTF-8"?>
<!-- Generated by org.testng.reporters.JUnitReportReporter -->
<testsuite hostname="DESKTOP-QTCI61E" failures="0" tests="3" name="Basic_TestNg.Working_with_threadPoolSize" time="57.575" errors="0" timestamp="2025-03-24T21:57:43 IST" skipped="0">
  <testcase classname="Basic_TestNg.Working_with_threadPoolSize" name="demo" time="18.750"/>
  <testcase classname="Basic_TestNg.Working_with_threadPoolSize" name="demo" time="20.165"/>
  <testcase classname="Basic_TestNg.Working_with_threadPoolSize" name="demo" time="18.660"/>
</testsuite> <!-- Basic_TestNg.Working_with_threadPoolSize -->
