<?xml version="1.0" encoding="UTF-8"?>
<!-- Generated by org.testng.reporters.JUnitReportReporter -->
<testsuite hostname="DESKTOP-QTCI61E" failures="0" tests="1" name="ExecutionTest2.AmazonPrime" time="32.934" errors="0" timestamp="2025-03-26T20:17:15 IST" skipped="0">
  <testcase classname="ExecutionTest2.AmazonPrime" name="amazonePrime" time="32.934"/>
</testsuite> <!-- ExecutionTest2.AmazonPrime -->
