<?xml version="1.0" encoding="UTF-8"?>
<!-- Generated by org.testng.reporters.JUnitReportReporter -->
<testsuite hostname="DESKTOP-QTCI61E" failures="0" tests="1" name="Basic_TestNg.Working_with_Test" time="0.032" errors="0" timestamp="2025-03-20T22:07:14 IST" skipped="0">
  <testcase classname="Basic_TestNg.Working_with_Test" name="demo" time="0.032"/>
</testsuite> <!-- Basic_TestNg.Working_with_Test -->
