<?xml version="1.0" encoding="UTF-8"?>
<!-- Generated by org.testng.reporters.JUnitReportReporter -->
<testsuite hostname="DESKTOP-QTCI61E" failures="0" tests="3" name="Basic_TestNg.Working_with_Exclude_Include" time="0.032" errors="0" timestamp="2025-03-24T21:44:07 IST" skipped="0">
  <testcase classname="Basic_TestNg.Working_with_Exclude_Include" name="create" time="0.016"/>
  <testcase classname="Basic_TestNg.Working_with_Exclude_Include" name="login" time="0.007"/>
  <testcase classname="Basic_TestNg.Working_with_Exclude_Include" name="update" time="0.009"/>
</testsuite> <!-- Basic_TestNg.Working_with_Exclude_Include -->
