<?xml version="1.0" encoding="UTF-8"?>
<!-- Generated by org.testng.reporters.JUnitReportReporter -->
<testsuite hostname="DESKTOP-QTCI61E" failures="0" tests="1" name="ExecutionTest2.Hotstar" time="21.055" errors="0" timestamp="2025-03-26T20:19:30 IST" skipped="0">
  <testcase classname="ExecutionTest2.Hotstar" name="hotstar" time="21.055"/>
</testsuite> <!-- ExecutionTest2.Hotstar -->
