<?xml version="1.0" encoding="UTF-8"?>
<!-- Generated by org.testng.reporters.JUnitReportReporter -->
<testsuite hostname="DESKTOP-QTCI61E" failures="0" tests="1" name="Basic_TestNg.Working_with_Hard" time="9.399" errors="0" timestamp="2025-03-20T12:56:36 IST" skipped="0">
  <testcase classname="Basic_TestNg.Working_with_Hard" name="hard" time="9.399"/>
</testsuite> <!-- Basic_TestNg.Working_with_Hard -->
