<?xml version="1.0" encoding="UTF-8"?>
<!-- Generated by org.testng.reporters.JUnitReportReporter -->
<testsuite hostname="DESKTOP-QTCI61E" failures="0" tests="2" name="Basic_TestNg.Working_with_Test2" time="0.023" errors="0" timestamp="2025-03-20T22:07:14 IST" skipped="0">
  <testcase classname="Basic_TestNg.Working_with_Test2" name="createAccount" time="0.011"/>
  <testcase classname="Basic_TestNg.Working_with_Test2" name="delete" time="0.012"/>
</testsuite> <!-- Basic_TestNg.Working_with_Test2 -->
