<?xml version="1.0" encoding="UTF-8"?>
<!-- Generated by org.testng.reporters.JUnitReportReporter -->
<testsuite hostname="DESKTOP-QTCI61E" failures="0" tests="1" name="TestNg_Task.Book_My_Show" time="62.972" errors="0" timestamp="2025-03-24T13:23:46 IST" skipped="0">
  <testcase classname="TestNg_Task.Book_My_Show" name="bookmyshow" time="62.972"/>
</testsuite> <!-- TestNg_Task.Book_My_Show -->
