<?xml version="1.0" encoding="UTF-8"?>
<!-- Generated by org.testng.reporters.JUnitReportReporter -->
<testsuite hostname="DESKTOP-QTCI61E" failures="0" tests="1" name="Basic_TestNg.Demo" time="0.015" errors="0" timestamp="2025-03-12T10:54:25 IST" skipped="0">
  <testcase classname="Basic_TestNg.Demo" name="login" time="0.015"/>
</testsuite> <!-- Basic_TestNg.Demo -->
