<?xml version="1.0" encoding="UTF-8"?>
<!-- Generated by org.testng.reporters.JUnitReportReporter -->
<testsuite hostname="DESKTOP-QTCI61E" failures="0" tests="3" name="Basic_TestNg.Working_with_DataProvider" time="43.830" errors="0" timestamp="2025-03-25T08:41:07 IST" skipped="0">
  <testcase classname="Basic_TestNg.Working_with_DataProvider" name="data" time="9.029"/>
  <testcase classname="Basic_TestNg.Working_with_DataProvider" name="data" time="18.251"/>
  <testcase classname="Basic_TestNg.Working_with_DataProvider" name="data" time="16.550"/>
</testsuite> <!-- Basic_TestNg.Working_with_DataProvider -->
