<?xml version="1.0" encoding="UTF-8"?>
<!-- Generated by org.testng.reporters.JUnitReportReporter -->
<testsuite hostname="DESKTOP-QTCI61E" failures="0" tests="1" name="Basic_TestNg.Working_with_Report" time="17.788" errors="0" timestamp="2025-03-19T10:08:41 IST" skipped="0">
  <testcase classname="Basic_TestNg.Working_with_Report" name="demo" time="17.788">
    <system-out>
      <![CDATA[Hii
Sanjana
Kulkarni]]>
    </system-out>
  </testcase> <!-- demo -->
  <system-out>
    <![CDATA[Hii
Sanjana
Kulkarni]]>
  </system-out>
</testsuite> <!-- Basic_TestNg.Working_with_Report -->
