<?xml version="1.0" encoding="UTF-8"?>
<!-- Generated by org.testng.reporters.JUnitReportReporter -->
<testsuite hostname="DESKTOP-QTCI61E" failures="0" tests="1" name="ExecutionTest2.Jio" time="25.617" errors="0" timestamp="2025-03-26T20:20:40 IST" skipped="0">
  <testcase classname="ExecutionTest2.Jio" name="jio" time="25.617"/>
</testsuite> <!-- ExecutionTest2.Jio -->
