<?xml version="1.0" encoding="UTF-8"?>
<!-- Generated by org.testng.reporters.JUnitReportReporter -->
<testsuite hostname="DESKTOP-QTCI61E" failures="0" tests="3" name="Basic_TestNg.Working_with_CrossBrowser" time="125.652" errors="0" timestamp="2025-03-18T11:34:17 IST" skipped="0">
  <testcase classname="Basic_TestNg.Working_with_CrossBrowser" name="cross" time="37.241"/>
  <testcase classname="Basic_TestNg.Working_with_CrossBrowser" name="cross" time="39.295"/>
  <testcase classname="Basic_TestNg.Working_with_CrossBrowser" name="cross" time="49.116"/>
</testsuite> <!-- Basic_TestNg.Working_with_CrossBrowser -->
