<?xml version="1.0" encoding="UTF-8"?>
<!-- Generated by org.testng.reporters.JUnitReportReporter -->
<testsuite hostname="DESKTOP-QTCI61E" failures="0" tests="1" name="POM.Working_with_POM" time="11.352" errors="0" timestamp="2025-04-20T12:47:09 IST" skipped="0">
  <testcase classname="POM.Working_with_POM" name="demo" time="11.352"/>
</testsuite> <!-- POM.Working_with_POM -->
