<?xml version="1.0" encoding="UTF-8"?>
<!-- Generated by org.testng.reporters.JUnitReportReporter -->
<testsuite hostname="DESKTOP-QTCI61E" failures="0" tests="1" name="TestNg_Task.Flipkart" time="45.491" errors="0" timestamp="2025-03-24T13:23:45 IST" skipped="0">
  <testcase classname="TestNg_Task.Flipkart" name="flipkart" time="45.491"/>
</testsuite> <!-- TestNg_Task.Flipkart -->
