<?xml version="1.0" encoding="UTF-8"?>
<!-- Generated by org.testng.reporters.JUnitReportReporter -->
<testsuite hostname="DESKTOP-QTCI61E" failures="0" tests="1" name="Basic_TestNg.Working_with_Soft" time="8.802" errors="0" timestamp="2025-03-20T13:09:46 IST" skipped="0">
  <testcase classname="Basic_TestNg.Working_with_Soft" name="soft" time="8.802"/>
</testsuite> <!-- Basic_TestNg.Working_with_Soft -->
