<?xml version="1.0" encoding="UTF-8"?>
<!-- Generated by org.testng.reporters.JUnitReportReporter -->
<testsuite hostname="DESKTOP-QTCI61E" failures="0" tests="1" name="Basic_TestNg.Working_with_group_Execution" time="0.018" errors="0" timestamp="2025-03-24T21:48:42 IST" skipped="0">
  <testcase classname="Basic_TestNg.Working_with_group_Execution" name="remove" time="0.018"/>
</testsuite> <!-- Basic_TestNg.Working_with_group_Execution -->
