<?xml version="1.0" encoding="UTF-8"?>
<!-- Generated by org.testng.reporters.JUnitReportReporter -->
<testsuite hostname="DESKTOP-QTCI61E" failures="0" tests="3" name="Basic_TestNg.Working_With_Priority" time="12.551" errors="0" timestamp="2025-03-13T11:24:49 IST" skipped="0">
  <testcase classname="Basic_TestNg.Working_With_Priority" name="register" time="12.542"/>
  <testcase classname="Basic_TestNg.Working_With_Priority" name="login" time="0.005"/>
  <testcase classname="Basic_TestNg.Working_With_Priority" name="delete" time="0.004"/>
</testsuite> <!-- Basic_TestNg.Working_With_Priority -->
